

Microchip MPLAB XC8 Assembler V2.35 build 20211206165544 
                                                                                               Mon May 23 17:20:27 2022

Microchip MPLAB XC8 C Compiler v2.35 (Free license) build 20211206165544 Og1 
     1                           	processor	18F4550
     2                           	fnconf	rparam,??,?,0
     3                           	pagewidth 120
     4                           	opt	flic
     5                           	psect	cinit,global,reloc=2,class=CODE,delta=1
     6                           	psect	bssCOMRAM,global,class=COMRAM,space=1,delta=1,lowdata,noexec
     7                           	psect	cstackCOMRAM,global,class=COMRAM,space=1,delta=1,lowdata,noexec
     8                           	psect	text0,global,reloc=2,class=CODE,delta=1
     9                           	psect	intcode,global,reloc=2,class=CODE,delta=1
    10                           	psect	intcode_body,global,reloc=2,class=CODE,delta=1
    11                           	psect	intsave_regs,global,class=BIGRAM,space=1,delta=1,noexec
    12                           	psect	rparam,global,class=COMRAM,space=1,delta=1,noexec
    13                           	psect	temp,global,ovrld,common,class=COMRAM,space=1,delta=1
    14                           	psect	idloc,global,abs,ovrld,class=IDLOC,space=5,delta=1,noexec
    15                           	psect	config,global,abs,ovrld,class=CONFIG,space=4,delta=1,noexec
    16  0000                     
    17                           ; Version 2.20
    18                           ; Generated 12/02/2020 GMT
    19                           ; 
    20                           ; Copyright © 2020, Microchip Technology Inc. and its subsidiaries ("Microchip")
    21                           ; All rights reserved.
    22                           ; 
    23                           ; This software is developed by Microchip Technology Inc. and its subsidiaries ("Microch
      +                          ip").
    24                           ; 
    25                           ; Redistribution and use in source and binary forms, with or without modification, are
    26                           ; permitted provided that the following conditions are met:
    27                           ; 
    28                           ;     1. Redistributions of source code must retain the above copyright notice, this lis
      +                          t of
    29                           ;        conditions and the following disclaimer.
    30                           ; 
    31                           ;     2. Redistributions in binary form must reproduce the above copyright notice, this 
      +                          list
    32                           ;        of conditions and the following disclaimer in the documentation and/or other
    33                           ;        materials provided with the distribution.
    34                           ; 
    35                           ;     3. Microchip's name may not be used to endorse or promote products derived from th
      +                          is
    36                           ;        software without specific prior written permission.
    37                           ; 
    38                           ; THIS SOFTWARE IS PROVIDED BY MICROCHIP "AS IS" AND ANY EXPRESS OR IMPLIED WARRANTIES,
    39                           ; INCLUDING, BUT NOT LIMITED TO, THE IMPLIED WARRANTIES OF MERCHANTABILITY AND FITNESS F
      +                          OR
    40                           ; PURPOSE ARE DISCLAIMED.  IN NO EVENT SHALL MICROCHIP BE LIABLE FOR ANY DIRECT, INDIREC
      +                          T,
    41                           ; INCIDENTAL, SPECIAL, EXEMPLARY, OR CONSEQUENTIAL DAMAGES (INCLUDING BUT NOT LIMITED TO
    42                           ; PROCUREMENT OF SUBSTITUTE GOODS OR SERVICES; LOSS OF USE, DATA OR PROFITS; OR BUSINESS
    43                           ; INTERRUPTION) HOWSOEVER CAUSED AND ON ANY THEORY OF LIABILITY, WHETHER IN CONTRACT, ST
      +                          RICT
    44                           ; LIABILITY, OR TORT (INCLUDING NEGLIGENCE OR OTHERWISE) ARISING IN ANY WAY OUT OF THE U
      +                          SE OF
    45                           ; THIS SOFTWARE, EVEN IF ADVISED OF THE POSSIBILITY OF SUCH DAMAGE.
    46                           ; 
    47                           ; 
    48                           ; Code-generator required, PIC18F4550 Definitions
    49                           ; 
    50                           ; SFR Addresses
    51  0000                     _INT1IE	set	32643
    52  0000                     _LATAbits	set	3977
    53  0000                     _INT1IF	set	32640
    54  0000                     _GIE	set	32663
    55  0000                     _INTEDG1	set	32653
    56  0000                     _TRISAbits	set	3986
    57  0000                     _TRISBbits	set	3987
    58                           
    59                           ; #config settings
    60                           
    61                           	psect	cinit
    62  0000BA                     __pcinit:
    63                           	callstack 0
    64  0000BA                     start_initialization:
    65                           	callstack 0
    66  0000BA                     __initialization:
    67                           	callstack 0
    68                           
    69                           ; Clear objects allocated to COMRAM (2 bytes)
    70  0000BA  6A02               	clrf	(__pbssCOMRAM+1)& (0+255),c
    71  0000BC  6A01               	clrf	__pbssCOMRAM& (0+255),c
    72  0000BE                     end_of_initialization:
    73                           	callstack 0
    74  0000BE                     __end_of__initialization:
    75                           	callstack 0
    76  0000BE  9003               	bcf	int$flags,0,c	;clear compiler interrupt flag (level 1)
    77  0000C0  9203               	bcf	int$flags,1,c	;clear compiler interrupt flag (level 2)
    78  0000C2  0100               	movlb	0
    79  0000C4  EF52  F000         	goto	_main	;jump to C main() function
    80                           
    81                           	psect	bssCOMRAM
    82  000001                     __pbssCOMRAM:
    83                           	callstack 0
    84  000001                     _c:
    85                           	callstack 0
    86  000001                     	ds	2
    87                           
    88                           	psect	cstackCOMRAM
    89  000000                     __pcstackCOMRAM:
    90                           	callstack 0
    91  000000                     
    92                           ; 1 bytes @ 0x0
    93 ;;
    94 ;;Main: autosize = 0, tempsize = 0, incstack = 0, save=0
    95 ;;
    96 ;; *************** function _main *****************
    97 ;; Defined at:
    98 ;;		line 31 in file "LED_External_ISR.c"
    99 ;; Parameters:    Size  Location     Type
   100 ;;		None
   101 ;; Auto vars:     Size  Location     Type
   102 ;;		None
   103 ;; Return value:  Size  Location     Type
   104 ;;                  1    wreg      void 
   105 ;; Registers used:
   106 ;;		None
   107 ;; Tracked objects:
   108 ;;		On entry : 0/0
   109 ;;		On exit  : 0/0
   110 ;;		Unchanged: 0/0
   111 ;; Data sizes:     COMRAM   BANK0   BANK1   BANK2   BANK3   BANK4   BANK5   BANK6   BANK7
   112 ;;      Params:         0       0       0       0       0       0       0       0       0
   113 ;;      Locals:         0       0       0       0       0       0       0       0       0
   114 ;;      Temps:          0       0       0       0       0       0       0       0       0
   115 ;;      Totals:         0       0       0       0       0       0       0       0       0
   116 ;;Total ram usage:        0 bytes
   117 ;; Hardware stack levels required when called: 1
   118 ;; This function calls:
   119 ;;		Nothing
   120 ;; This function is called by:
   121 ;;		Startup code after reset
   122 ;; This function uses a non-reentrant model
   123 ;;
   124                           
   125                           	psect	text0
   126  0000A4                     __ptext0:
   127                           	callstack 0
   128  0000A4                     _main:
   129                           	callstack 30
   130  0000A4                     
   131                           ;LED_External_ISR.c: 32:     TRISAbits.TRISA4 = 0;
   132  0000A4  9892               	bcf	146,4,c	;volatile
   133                           
   134                           ;LED_External_ISR.c: 33:     TRISBbits.RB1 = 1;
   135  0000A6  8293               	bsf	147,1,c	;volatile
   136                           
   137                           ;LED_External_ISR.c: 34:     LATAbits.LATA4 = 0;
   138  0000A8  9889               	bcf	137,4,c	;volatile
   139                           
   140                           ;LED_External_ISR.c: 35:     INT1IE = 1;
   141  0000AA  86F0               	bsf	4080,3,c	;volatile
   142                           
   143                           ;LED_External_ISR.c: 36:     INTEDG1 = 0;
   144  0000AC  9AF1               	bcf	4081,5,c	;volatile
   145                           
   146                           ;LED_External_ISR.c: 37:     GIE = 1;
   147  0000AE  8EF2               	bsf	4082,7,c	;volatile
   148                           
   149                           ;LED_External_ISR.c: 38:     INT1IF = 0;
   150  0000B0  90F0               	bcf	4080,0,c	;volatile
   151  0000B2                     l32:
   152  0000B2  EF59  F000         	goto	l32
   153  0000B6  EF07  F000         	goto	start
   154  0000BA                     __end_of_main:
   155                           	callstack 0
   156                           
   157 ;; *************** function _isr *****************
   158 ;; Defined at:
   159 ;;		line 13 in file "LED_External_ISR.c"
   160 ;; Parameters:    Size  Location     Type
   161 ;;		None
   162 ;; Auto vars:     Size  Location     Type
   163 ;;		None
   164 ;; Return value:  Size  Location     Type
   165 ;;                  1    wreg      void 
   166 ;; Registers used:
   167 ;;		wreg, status,2, status,0
   168 ;; Tracked objects:
   169 ;;		On entry : 0/0
   170 ;;		On exit  : 0/0
   171 ;;		Unchanged: 0/0
   172 ;; Data sizes:     COMRAM   BANK0   BANK1   BANK2   BANK3   BANK4   BANK5   BANK6   BANK7
   173 ;;      Params:         0       0       0       0       0       0       0       0       0
   174 ;;      Locals:         0       0       0       0       0       0       0       0       0
   175 ;;      Temps:          0       0       0       0       0       0       0       0       0
   176 ;;      Totals:         0       0       0       0       0       0       0       0       0
   177 ;;Total ram usage:        0 bytes
   178 ;; Hardware stack levels used: 1
   179 ;; This function calls:
   180 ;;		Nothing
   181 ;; This function is called by:
   182 ;;		Interrupt level 2
   183 ;; This function uses a non-reentrant model
   184 ;;
   185                           
   186                           	psect	intcode
   187  000008                     __pintcode:
   188                           	callstack 0
   189  000008                     _isr:
   190                           	callstack 30
   191                           
   192                           ;incstack = 0
   193  000008  8203               	bsf	int$flags,1,c	;set compiler interrupt flag (level 2)
   194  00000A  ED09  F000         	call	int_func,f	;refresh shadow registers
   195                           
   196                           	psect	intcode_body
   197  000012                     __pintcode_body:
   198                           	callstack 30
   199  000012                     int_func:
   200                           	callstack 30
   201  000012  0006               	pop		; remove dummy address from shadow register refresh
   202  000014                     
   203                           ;LED_External_ISR.c: 14:     if(INT1IF){
   204  000014  A0F0               	btfss	4080,0,c	;volatile
   205  000016  EF0F  F000         	goto	i2u1_41
   206  00001A  EF11  F000         	goto	i2u1_40
   207  00001E                     i2u1_41:
   208  00001E  EF50  F000         	goto	i2l27
   209  000022                     i2u1_40:
   210  000022                     
   211                           ;LED_External_ISR.c: 15:         INT1IF = 0;
   212  000022  90F0               	bcf	4080,0,c	;volatile
   213  000024                     
   214                           ;LED_External_ISR.c: 16:         if(c==0 && LATAbits.LATA4==0){
   215  000024  5001               	movf	_c^0,w,c
   216  000026  1002               	iorwf	(_c+1)^0,w,c
   217  000028  A4D8               	btfss	status,2,c
   218  00002A  EF19  F000         	goto	i2u2_41
   219  00002E  EF1B  F000         	goto	i2u2_40
   220  000032                     i2u2_41:
   221  000032  EF25  F000         	goto	i2l22
   222  000036                     i2u2_40:
   223  000036  B889               	btfsc	137,4,c	;volatile
   224  000038  EF20  F000         	goto	i2u3_41
   225  00003C  EF22  F000         	goto	i2u3_40
   226  000040                     i2u3_41:
   227  000040  EF25  F000         	goto	i2l22
   228  000044                     i2u3_40:
   229  000044                     
   230                           ;LED_External_ISR.c: 17:             LATAbits.LATA4 = 1;
   231  000044  8889               	bsf	137,4,c	;volatile
   232                           
   233                           ;LED_External_ISR.c: 18:         }
   234  000046  EF50  F000         	goto	i2l27
   235  00004A                     i2l22:
   236  00004A  A889               	btfss	137,4,c	;volatile
   237  00004C  EF2A  F000         	goto	i2u4_41
   238  000050  EF2C  F000         	goto	i2u4_40
   239  000054                     i2u4_41:
   240  000054  EF39  F000         	goto	i2l24
   241  000058                     i2u4_40:
   242  000058  5001               	movf	_c^0,w,c
   243  00005A  1002               	iorwf	(_c+1)^0,w,c
   244  00005C  A4D8               	btfss	status,2,c
   245  00005E  EF33  F000         	goto	i2u5_41
   246  000062  EF35  F000         	goto	i2u5_40
   247  000066                     i2u5_41:
   248  000066  EF39  F000         	goto	i2l24
   249  00006A                     i2u5_40:
   250  00006A                     
   251                           ;LED_External_ISR.c: 20:             c++;
   252  00006A  4A01               	infsnz	_c^0,f,c
   253  00006C  2A02               	incf	(_c+1)^0,f,c
   254                           
   255                           ;LED_External_ISR.c: 21:         }
   256  00006E  EF50  F000         	goto	i2l27
   257  000072                     i2l24:
   258  000072  A889               	btfss	137,4,c	;volatile
   259  000074  EF3E  F000         	goto	i2u6_41
   260  000078  EF40  F000         	goto	i2u6_40
   261  00007C                     i2u6_41:
   262  00007C  EF50  F000         	goto	i2l23
   263  000080                     i2u6_40:
   264  000080  0401               	decf	_c^0,w,c
   265  000082  1002               	iorwf	(_c+1)^0,w,c
   266  000084  A4D8               	btfss	status,2,c
   267  000086  EF47  F000         	goto	i2u7_41
   268  00008A  EF49  F000         	goto	i2u7_40
   269  00008E                     i2u7_41:
   270  00008E  EF50  F000         	goto	i2l23
   271  000092                     i2u7_40:
   272  000092                     
   273                           ;LED_External_ISR.c: 23:             c = 0;
   274  000092  0E00               	movlw	0
   275  000094  6E02               	movwf	(_c+1)^0,c
   276  000096  0E00               	movlw	0
   277  000098  6E01               	movwf	_c^0,c
   278  00009A                     
   279                           ;LED_External_ISR.c: 24:             LATAbits.LATA4 = 0;
   280  00009A  9889               	bcf	137,4,c	;volatile
   281  00009C  EF50  F000         	goto	i2l27
   282  0000A0                     i2l23:
   283  0000A0                     i2l27:
   284  0000A0  9203               	bcf	int$flags,1,c	;clear compiler interrupt flag (level 2)
   285  0000A2  0011               	retfie		f
   286  0000A4                     __end_of_isr:
   287                           	callstack 0
   288  0000                     
   289                           	psect	rparam
   290  0000                     
   291                           	psect	temp
   292  000003                     btemp:
   293                           	callstack 0
   294  000003                     	ds	1
   295  0000                     int$flags	set	btemp
   296  0000                     wtemp8	set	btemp+1
   297  0000                     ttemp5	set	btemp+1
   298  0000                     ttemp6	set	btemp+4
   299  0000                     ttemp7	set	btemp+8
   300                           
   301                           	psect	idloc
   302                           
   303                           ;Config register IDLOC0 @ 0x200000
   304                           ;	unspecified, using default values
   305  200000                     	org	2097152
   306  200000  FF                 	db	255
   307                           
   308                           ;Config register IDLOC1 @ 0x200001
   309                           ;	unspecified, using default values
   310  200001                     	org	2097153
   311  200001  FF                 	db	255
   312                           
   313                           ;Config register IDLOC2 @ 0x200002
   314                           ;	unspecified, using default values
   315  200002                     	org	2097154
   316  200002  FF                 	db	255
   317                           
   318                           ;Config register IDLOC3 @ 0x200003
   319                           ;	unspecified, using default values
   320  200003                     	org	2097155
   321  200003  FF                 	db	255
   322                           
   323                           ;Config register IDLOC4 @ 0x200004
   324                           ;	unspecified, using default values
   325  200004                     	org	2097156
   326  200004  FF                 	db	255
   327                           
   328                           ;Config register IDLOC5 @ 0x200005
   329                           ;	unspecified, using default values
   330  200005                     	org	2097157
   331  200005  FF                 	db	255
   332                           
   333                           ;Config register IDLOC6 @ 0x200006
   334                           ;	unspecified, using default values
   335  200006                     	org	2097158
   336  200006  FF                 	db	255
   337                           
   338                           ;Config register IDLOC7 @ 0x200007
   339                           ;	unspecified, using default values
   340  200007                     	org	2097159
   341  200007  FF                 	db	255
   342                           
   343                           	psect	config
   344                           
   345                           ;Config register CONFIG1L @ 0x300000
   346                           ;	unspecified, using default values
   347                           ;	PLL Prescaler Selection bits
   348                           ;	PLLDIV = 0x0, unprogrammed default
   349                           ;	System Clock Postscaler Selection bits
   350                           ;	CPUDIV = 0x0, unprogrammed default
   351                           ;	USB Clock Selection bit (used in Full-Speed USB mode only; UCFG:FSEN = 1)
   352                           ;	USBDIV = 0x0, unprogrammed default
   353  300000                     	org	3145728
   354  300000  00                 	db	0
   355                           
   356                           ;Config register CONFIG1H @ 0x300001
   357                           ;	unspecified, using default values
   358                           ;	Oscillator Selection bits
   359                           ;	FOSC = 0x5, unprogrammed default
   360                           ;	Fail-Safe Clock Monitor Enable bit
   361                           ;	FCMEN = 0x0, unprogrammed default
   362                           ;	Internal/External Oscillator Switchover bit
   363                           ;	IESO = 0x0, unprogrammed default
   364  300001                     	org	3145729
   365  300001  05                 	db	5
   366                           
   367                           ;Config register CONFIG2L @ 0x300002
   368                           ;	unspecified, using default values
   369                           ;	Power-up Timer Enable bit
   370                           ;	PWRT = 0x1, unprogrammed default
   371                           ;	Brown-out Reset Enable bits
   372                           ;	BOR = 0x3, unprogrammed default
   373                           ;	Brown-out Reset Voltage bits
   374                           ;	BORV = 0x3, unprogrammed default
   375                           ;	USB Voltage Regulator Enable bit
   376                           ;	VREGEN = 0x0, unprogrammed default
   377  300002                     	org	3145730
   378  300002  1F                 	db	31
   379                           
   380                           ;Config register CONFIG2H @ 0x300003
   381                           ;	unspecified, using default values
   382                           ;	Watchdog Timer Enable bit
   383                           ;	WDT = 0x1, unprogrammed default
   384                           ;	Watchdog Timer Postscale Select bits
   385                           ;	WDTPS = 0xF, unprogrammed default
   386  300003                     	org	3145731
   387  300003  1F                 	db	31
   388                           
   389                           ; Padding undefined space
   390  300004                     	org	3145732
   391  300004  FF                 	db	255
   392                           
   393                           ;Config register CONFIG3H @ 0x300005
   394                           ;	unspecified, using default values
   395                           ;	CCP2 MUX bit
   396                           ;	CCP2MX = 0x1, unprogrammed default
   397                           ;	PORTB A/D Enable bit
   398                           ;	PBADEN = 0x1, unprogrammed default
   399                           ;	Low-Power Timer 1 Oscillator Enable bit
   400                           ;	LPT1OSC = 0x0, unprogrammed default
   401                           ;	MCLR Pin Enable bit
   402                           ;	MCLRE = 0x1, unprogrammed default
   403  300005                     	org	3145733
   404  300005  83                 	db	131
   405                           
   406                           ;Config register CONFIG4L @ 0x300006
   407                           ;	unspecified, using default values
   408                           ;	Stack Full/Underflow Reset Enable bit
   409                           ;	STVREN = 0x1, unprogrammed default
   410                           ;	Single-Supply ICSP Enable bit
   411                           ;	LVP = 0x1, unprogrammed default
   412                           ;	Dedicated In-Circuit Debug/Programming Port (ICPORT) Enable bit
   413                           ;	ICPRT = 0x0, unprogrammed default
   414                           ;	Extended Instruction Set Enable bit
   415                           ;	XINST = 0x0, unprogrammed default
   416                           ;	Background Debugger Enable bit
   417                           ;	DEBUG = 0x1, unprogrammed default
   418  300006                     	org	3145734
   419  300006  85                 	db	133
   420                           
   421                           ; Padding undefined space
   422  300007                     	org	3145735
   423  300007  FF                 	db	255
   424                           
   425                           ;Config register CONFIG5L @ 0x300008
   426                           ;	unspecified, using default values
   427                           ;	Code Protection bit
   428                           ;	CP0 = 0x1, unprogrammed default
   429                           ;	Code Protection bit
   430                           ;	CP1 = 0x1, unprogrammed default
   431                           ;	Code Protection bit
   432                           ;	CP2 = 0x1, unprogrammed default
   433                           ;	Code Protection bit
   434                           ;	CP3 = 0x1, unprogrammed default
   435  300008                     	org	3145736
   436  300008  0F                 	db	15
   437                           
   438                           ;Config register CONFIG5H @ 0x300009
   439                           ;	unspecified, using default values
   440                           ;	Boot Block Code Protection bit
   441                           ;	CPB = 0x1, unprogrammed default
   442                           ;	Data EEPROM Code Protection bit
   443                           ;	CPD = 0x1, unprogrammed default
   444  300009                     	org	3145737
   445  300009  C0                 	db	192
   446                           
   447                           ;Config register CONFIG6L @ 0x30000A
   448                           ;	unspecified, using default values
   449                           ;	Write Protection bit
   450                           ;	WRT0 = 0x1, unprogrammed default
   451                           ;	Write Protection bit
   452                           ;	WRT1 = 0x1, unprogrammed default
   453                           ;	Write Protection bit
   454                           ;	WRT2 = 0x1, unprogrammed default
   455                           ;	Write Protection bit
   456                           ;	WRT3 = 0x1, unprogrammed default
   457  30000A                     	org	3145738
   458  30000A  0F                 	db	15
   459                           
   460                           ;Config register CONFIG6H @ 0x30000B
   461                           ;	unspecified, using default values
   462                           ;	Configuration Register Write Protection bit
   463                           ;	WRTC = 0x1, unprogrammed default
   464                           ;	Boot Block Write Protection bit
   465                           ;	WRTB = 0x1, unprogrammed default
   466                           ;	Data EEPROM Write Protection bit
   467                           ;	WRTD = 0x1, unprogrammed default
   468  30000B                     	org	3145739
   469  30000B  E0                 	db	224
   470                           
   471                           ;Config register CONFIG7L @ 0x30000C
   472                           ;	unspecified, using default values
   473                           ;	Table Read Protection bit
   474                           ;	EBTR0 = 0x1, unprogrammed default
   475                           ;	Table Read Protection bit
   476                           ;	EBTR1 = 0x1, unprogrammed default
   477                           ;	Table Read Protection bit
   478                           ;	EBTR2 = 0x1, unprogrammed default
   479                           ;	Table Read Protection bit
   480                           ;	EBTR3 = 0x1, unprogrammed default
   481  30000C                     	org	3145740
   482  30000C  0F                 	db	15
   483                           
   484                           ;Config register CONFIG7H @ 0x30000D
   485                           ;	unspecified, using default values
   486                           ;	Boot Block Table Read Protection bit
   487                           ;	EBTRB = 0x1, unprogrammed default
   488  30000D                     	org	3145741
   489  30000D  40                 	db	64
   490                           tosu	equ	0xFFF
   491                           tosh	equ	0xFFE
   492                           tosl	equ	0xFFD
   493                           stkptr	equ	0xFFC
   494                           pclatu	equ	0xFFB
   495                           pclath	equ	0xFFA
   496                           pcl	equ	0xFF9
   497                           tblptru	equ	0xFF8
   498                           tblptrh	equ	0xFF7
   499                           tblptrl	equ	0xFF6
   500                           tablat	equ	0xFF5
   501                           prodh	equ	0xFF4
   502                           prodl	equ	0xFF3
   503                           indf0	equ	0xFEF
   504                           postinc0	equ	0xFEE
   505                           postdec0	equ	0xFED
   506                           preinc0	equ	0xFEC
   507                           plusw0	equ	0xFEB
   508                           fsr0h	equ	0xFEA
   509                           fsr0l	equ	0xFE9
   510                           wreg	equ	0xFE8
   511                           indf1	equ	0xFE7
   512                           postinc1	equ	0xFE6
   513                           postdec1	equ	0xFE5
   514                           preinc1	equ	0xFE4
   515                           plusw1	equ	0xFE3
   516                           fsr1h	equ	0xFE2
   517                           fsr1l	equ	0xFE1
   518                           bsr	equ	0xFE0
   519                           indf2	equ	0xFDF
   520                           postinc2	equ	0xFDE
   521                           postdec2	equ	0xFDD
   522                           preinc2	equ	0xFDC
   523                           plusw2	equ	0xFDB
   524                           fsr2h	equ	0xFDA
   525                           fsr2l	equ	0xFD9
   526                           status	equ	0xFD8

Data Sizes:
    Strings     0
    Constant    0
    Data        0
    BSS         2
    Persistent  0
    Stack       0

Auto Spaces:
    Space          Size  Autos    Used
    COMRAM           94      0       2
    BANK0           160      0       0
    BANK1           256      0       0
    BANK2           256      0       0
    BANK3           256      0       0
    BANK4           256      0       0
    BANK5           256      0       0
    BANK6           256      0       0
    BANK7           256      0       0

Pointer List with Targets:

    None.

Critical Paths under _main in COMRAM

    None.

Critical Paths under _isr in COMRAM

    None.

Critical Paths under _main in BANK0

    None.

Critical Paths under _isr in BANK0

    None.

Critical Paths under _main in BANK1

    None.

Critical Paths under _isr in BANK1

    None.

Critical Paths under _main in BANK2

    None.

Critical Paths under _isr in BANK2

    None.

Critical Paths under _main in BANK3

    None.

Critical Paths under _isr in BANK3

    None.

Critical Paths under _main in BANK4

    None.

Critical Paths under _isr in BANK4

    None.

Critical Paths under _main in BANK5

    None.

Critical Paths under _isr in BANK5

    None.

Critical Paths under _main in BANK6

    None.

Critical Paths under _isr in BANK6

    None.

Critical Paths under _main in BANK7

    None.

Critical Paths under _isr in BANK7

    None.

Call Graph Tables:

 ---------------------------------------------------------------------------------
 (Depth) Function   	        Calls       Base Space   Used Autos Params    Refs
 ---------------------------------------------------------------------------------
 (0) _main                                                 0     0      0       0
 ---------------------------------------------------------------------------------
 Estimated maximum stack depth 0
 ---------------------------------------------------------------------------------
 (Depth) Function   	        Calls       Base Space   Used Autos Params    Refs
 ---------------------------------------------------------------------------------
 (1) _isr                                                  0     0      0       0
 ---------------------------------------------------------------------------------
 Estimated maximum stack depth 1
 ---------------------------------------------------------------------------------

 Call Graph Graphs:

 _main (ROOT)

 _isr (ROOT)

 Address spaces:
Name               Size   Autos  Total    Cost      Usage
BIGRAM             7FF      0       0      25        0.0%
EEDATA             100      0       0       0        0.0%
BITBANK7           100      0       0      18        0.0%
BANK7              100      0       0      19        0.0%
BITBANK6           100      0       0      16        0.0%
BANK6              100      0       0      17        0.0%
BITBANK5           100      0       0      14        0.0%
BANK5              100      0       0      15        0.0%
BITBANK4           100      0       0      12        0.0%
BANK4              100      0       0      13        0.0%
BITBANK3           100      0       0      10        0.0%
BANK3              100      0       0      11        0.0%
BITBANK2           100      0       0       8        0.0%
BANK2              100      0       0       9        0.0%
BITBANK1           100      0       0       6        0.0%
BANK1              100      0       0       7        0.0%
BITBANK0            A0      0       0       4        0.0%
BANK0               A0      0       0       5        0.0%
BITCOMRAM           5E      0       0       0        0.0%
COMRAM              5E      0       2       1        2.1%
BITBIGSFRlhh        5C      0       0      21        0.0%
BITBIGSFRll         29      0       0      23        0.0%
BITBIGSFRh           D      0       0      20        0.0%
BITBIGSFRlhl         8      0       0      22        0.0%
BIGSFR               0      0       0     200        0.0%
BITSFR               0      0       0     200        0.0%
SFR                  0      0       0     200        0.0%
STACK                0      0       0       2        0.0%
NULL                 0      0       0       0        0.0%
ABS                  0      0       2      24        0.0%
DATA                 0      0       2       3        0.0%
CODE                 0      0       0       0        0.0%


Microchip Technology PIC18 Macro Assembler V2.35 build 20211206165544 
Symbol Table                                                                                   Mon May 23 17:20:27 2022

                      _c 0001                       l32 00B2                       l33 00B2  
                    l731 00A4                      _GIE 007F97                      _isr 0008  
                   ?_isr 0000                     i2l22 004A                     i2l23 00A0  
                   i2l24 0072                     i2l27 00A0                     _main 00A4  
                   btemp 0003                     start 000E             ___param_bank 000000  
                  ??_isr 0000                    ?_main 0000                    i2l711 0014  
                  i2l721 0058                    i2l713 0022                    i2l723 006A  
                  i2l715 0024                    i2l725 0080                    i2l717 0036  
                  i2l727 0092                    i2l719 0044                    i2l729 009A  
                  ttemp5 0004                    ttemp6 0007                    ttemp7 000B  
                  status 000FD8                    wtemp8 0004          __initialization 00BA  
           __end_of_main 00BA                   ??_main 0000            __activetblptr 000000  
                 _INT1IE 007F83                   _INT1IF 007F80                   i2u1_40 0022  
                 i2u1_41 001E                   i2u2_40 0036                   i2u2_41 0032  
                 i2u3_40 0044                   i2u3_41 0040                   i2u4_40 0058  
                 i2u4_41 0054                   i2u5_40 006A                   i2u5_41 0066  
                 i2u6_40 0080                   i2u6_41 007C                   i2u7_40 0092  
                 i2u7_41 008E                   isa$std 000001               __accesstop 0060  
__end_of__initialization 00BE            ___rparam_used 000001           __pcstackCOMRAM 0000  
                _INTEDG1 007F8D                  __Hparam 0000                  __Lparam 0000  
                __pcinit 00BA                  __ramtop 0800                  __ptext0 00A4  
         __pintcode_body 0012     end_of_initialization 00BE                  int_func 0012  
              _TRISAbits 000F92                _TRISBbits 000F93      start_initialization 00BA  
            __end_of_isr 00A4              __pbssCOMRAM 0001                __pintcode 0008  
               _LATAbits 000F89                 __Hrparam 0000                 __Lrparam 0000  
               isa$xinst 000000                 int$flags 0003                 intlevel2 0000  
